[0.147s] DEBUG:colcon:Command line arguments: ['/usr/bin/colcon', 'build', '--packages-select', 'mobile_dd_robot', '--symlink-install']
[0.147s] DEBUG:colcon:Parsed command line arguments: Namespace(log_base=None, log_level=None, verb_name='build', build_base='build', install_base='install', merge_install=False, symlink_install=True, test_result_base=None, continue_on_error=False, executor='parallel', parallel_workers=4, event_handlers=None, ignore_user_meta=False, metas=['./colcon.meta'], base_paths=['.'], packages_ignore=None, packages_ignore_regex=None, paths=None, packages_up_to=None, packages_up_to_regex=None, packages_above=None, packages_above_and_dependencies=None, packages_above_depth=None, packages_select_by_dep=None, packages_skip_by_dep=None, packages_skip_up_to=None, packages_select_build_failed=False, packages_skip_build_finished=False, packages_select_test_failures=False, packages_skip_test_passed=False, packages_select=['mobile_dd_robot'], packages_skip=None, packages_select_regex=None, packages_skip_regex=None, packages_start=None, packages_end=None, allow_overriding=[], cmake_args=None, cmake_target=None, cmake_target_skip_unavailable=False, cmake_clean_cache=False, cmake_clean_first=False, cmake_force_configure=False, ament_cmake_args=None, catkin_cmake_args=None, catkin_skip_building_tests=False, mixin_files=None, mixin=None, verb_parser=<colcon_mixin.mixin.mixin_argument.MixinArgumentDecorator object at 0x7e7da8188470>, verb_extension=<colcon_core.verb.build.BuildVerb object at 0x7e7da81881d0>, main=<bound method BuildVerb.main of <colcon_core.verb.build.BuildVerb object at 0x7e7da81881d0>>, mixin_verb=('build',))
[0.197s] Level 1:colcon.colcon_core.package_discovery:discover_packages(colcon_meta) check parameters
[0.197s] Level 1:colcon.colcon_core.package_discovery:discover_packages(recursive) check parameters
[0.197s] Level 1:colcon.colcon_core.package_discovery:discover_packages(ignore) check parameters
[0.197s] Level 1:colcon.colcon_core.package_discovery:discover_packages(path) check parameters
[0.197s] Level 1:colcon.colcon_core.package_discovery:discover_packages(colcon_meta) discover
[0.198s] Level 1:colcon.colcon_core.package_discovery:discover_packages(recursive) discover
[0.198s] INFO:colcon.colcon_core.package_discovery:Crawling recursively for packages in '/home/achieng/robotics/robot_four/src/mobile_dd_robot'
[0.198s] Level 1:colcon.colcon_core.package_identification:_identify(.) by extensions ['ignore', 'ignore_ament_install']
[0.198s] Level 1:colcon.colcon_core.package_identification:_identify(.) by extension 'ignore'
[0.198s] Level 1:colcon.colcon_core.package_identification:_identify(.) by extension 'ignore_ament_install'
[0.198s] Level 1:colcon.colcon_core.package_identification:_identify(.) by extensions ['colcon_pkg']
[0.198s] Level 1:colcon.colcon_core.package_identification:_identify(.) by extension 'colcon_pkg'
[0.198s] Level 1:colcon.colcon_core.package_identification:_identify(.) by extensions ['colcon_meta']
[0.198s] Level 1:colcon.colcon_core.package_identification:_identify(.) by extension 'colcon_meta'
[0.198s] Level 1:colcon.colcon_core.package_identification:_identify(.) by extensions ['ros']
[0.198s] Level 1:colcon.colcon_core.package_identification:_identify(.) by extension 'ros'
[0.234s] DEBUG:colcon.colcon_core.package_identification:Package '.' with type 'ros.ament_python' and name 'mobile_dd_robot'
[0.234s] Level 1:colcon.colcon_core.package_discovery:discover_packages(recursive) using defaults
[0.234s] Level 1:colcon.colcon_core.package_discovery:discover_packages(ignore) discover
[0.234s] Level 1:colcon.colcon_core.package_discovery:discover_packages(ignore) using defaults
[0.234s] Level 1:colcon.colcon_core.package_discovery:discover_packages(path) discover
[0.234s] Level 1:colcon.colcon_core.package_discovery:discover_packages(path) using defaults
[0.260s] Level 1:colcon.colcon_core.package_discovery:discover_packages(prefix_path) check parameters
[0.260s] Level 1:colcon.colcon_core.package_discovery:discover_packages(prefix_path) discover
[0.263s] DEBUG:colcon.colcon_installed_package_information.package_discovery:Found 1 installed packages in /home/achieng/robotics/robot_four/install
[0.265s] DEBUG:colcon.colcon_installed_package_information.package_discovery:Found 362 installed packages in /opt/ros/jazzy
[0.267s] Level 1:colcon.colcon_core.package_discovery:discover_packages(prefix_path) using defaults
[0.342s] Level 5:colcon.colcon_core.verb:set package 'mobile_dd_robot' build argument 'cmake_args' from command line to 'None'
[0.342s] Level 5:colcon.colcon_core.verb:set package 'mobile_dd_robot' build argument 'cmake_target' from command line to 'None'
[0.342s] Level 5:colcon.colcon_core.verb:set package 'mobile_dd_robot' build argument 'cmake_target_skip_unavailable' from command line to 'False'
[0.342s] Level 5:colcon.colcon_core.verb:set package 'mobile_dd_robot' build argument 'cmake_clean_cache' from command line to 'False'
[0.342s] Level 5:colcon.colcon_core.verb:set package 'mobile_dd_robot' build argument 'cmake_clean_first' from command line to 'False'
[0.342s] Level 5:colcon.colcon_core.verb:set package 'mobile_dd_robot' build argument 'cmake_force_configure' from command line to 'False'
[0.342s] Level 5:colcon.colcon_core.verb:set package 'mobile_dd_robot' build argument 'ament_cmake_args' from command line to 'None'
[0.342s] Level 5:colcon.colcon_core.verb:set package 'mobile_dd_robot' build argument 'catkin_cmake_args' from command line to 'None'
[0.342s] Level 5:colcon.colcon_core.verb:set package 'mobile_dd_robot' build argument 'catkin_skip_building_tests' from command line to 'False'
[0.342s] DEBUG:colcon.colcon_core.verb:Building package 'mobile_dd_robot' with the following arguments: {'ament_cmake_args': None, 'build_base': '/home/achieng/robotics/robot_four/src/mobile_dd_robot/build/mobile_dd_robot', 'catkin_cmake_args': None, 'catkin_skip_building_tests': False, 'cmake_args': None, 'cmake_clean_cache': False, 'cmake_clean_first': False, 'cmake_force_configure': False, 'cmake_target': None, 'cmake_target_skip_unavailable': False, 'install_base': '/home/achieng/robotics/robot_four/src/mobile_dd_robot/install/mobile_dd_robot', 'merge_install': False, 'path': '/home/achieng/robotics/robot_four/src/mobile_dd_robot', 'symlink_install': True, 'test_result_base': None}
[0.342s] INFO:colcon.colcon_core.executor:Executing jobs using 'parallel' executor
[0.343s] DEBUG:colcon.colcon_parallel_executor.executor.parallel:run_until_complete
[0.344s] INFO:colcon.colcon_ros.task.ament_python.build:Building ROS package in '/home/achieng/robotics/robot_four/src/mobile_dd_robot' with build type 'ament_python'
[0.344s] Level 1:colcon.colcon_core.shell:create_environment_hook('mobile_dd_robot', 'ament_prefix_path')
[0.347s] INFO:colcon.colcon_core.plugin_system:Skipping extension 'colcon_core.shell.bat': Not used on non-Windows systems
[0.348s] INFO:colcon.colcon_core.shell:Creating environment hook '/home/achieng/robotics/robot_four/src/mobile_dd_robot/install/mobile_dd_robot/share/mobile_dd_robot/hook/ament_prefix_path.ps1'
[0.349s] INFO:colcon.colcon_core.shell:Creating environment descriptor '/home/achieng/robotics/robot_four/src/mobile_dd_robot/install/mobile_dd_robot/share/mobile_dd_robot/hook/ament_prefix_path.dsv'
[0.350s] INFO:colcon.colcon_core.shell:Creating environment hook '/home/achieng/robotics/robot_four/src/mobile_dd_robot/install/mobile_dd_robot/share/mobile_dd_robot/hook/ament_prefix_path.sh'
[0.351s] INFO:colcon.colcon_core.shell:Skip shell extension 'powershell' for command environment: Not usable outside of PowerShell
[0.352s] DEBUG:colcon.colcon_core.shell:Skip shell extension 'dsv' for command environment
[0.669s] INFO:colcon.colcon_core.task.python.build:Building Python package in '/home/achieng/robotics/robot_four/src/mobile_dd_robot'
[0.670s] INFO:colcon.colcon_core.shell:Skip shell extension 'powershell' for command environment: Not usable outside of PowerShell
[0.670s] DEBUG:colcon.colcon_core.shell:Skip shell extension 'dsv' for command environment
[1.516s] DEBUG:colcon.colcon_core.event_handler.log_command:Invoking command in '/home/achieng/robotics/robot_four/src/mobile_dd_robot/build/mobile_dd_robot': DEBUGINFOD_URLS=https://debuginfod.ubuntu.com PYTHONPATH=/home/achieng/robotics/robot_four/src/mobile_dd_robot/build/mobile_dd_robot/prefix_override:/usr/lib/python3/dist-packages/colcon_core/task/python/colcon_distutils_commands:/home/achieng/robotics/robot_four/src/mobile_dd_robot/install/mobile_dd_robot/lib/python3.12/site-packages:${PYTHONPATH} /usr/bin/python3 -W ignore:setup.py install is deprecated -W ignore:easy_install command is deprecated setup.py develop --editable --build-directory /home/achieng/robotics/robot_four/src/mobile_dd_robot/build/mobile_dd_robot/build --no-deps symlink_data
[2.504s] Level 1:colcon.colcon_core.shell:create_environment_hook('mobile_dd_robot', 'pythonpath_develop')
[2.505s] INFO:colcon.colcon_core.shell:Creating environment hook '/home/achieng/robotics/robot_four/src/mobile_dd_robot/build/mobile_dd_robot/share/mobile_dd_robot/hook/pythonpath_develop.ps1'
[2.505s] DEBUG:colcon.colcon_core.event_handler.log_command:Invoked command in '/home/achieng/robotics/robot_four/src/mobile_dd_robot/build/mobile_dd_robot' returned '0': DEBUGINFOD_URLS=https://debuginfod.ubuntu.com PYTHONPATH=/home/achieng/robotics/robot_four/src/mobile_dd_robot/build/mobile_dd_robot/prefix_override:/usr/lib/python3/dist-packages/colcon_core/task/python/colcon_distutils_commands:/home/achieng/robotics/robot_four/src/mobile_dd_robot/install/mobile_dd_robot/lib/python3.12/site-packages:${PYTHONPATH} /usr/bin/python3 -W ignore:setup.py install is deprecated -W ignore:easy_install command is deprecated setup.py develop --editable --build-directory /home/achieng/robotics/robot_four/src/mobile_dd_robot/build/mobile_dd_robot/build --no-deps symlink_data
[2.506s] INFO:colcon.colcon_core.shell:Creating environment descriptor '/home/achieng/robotics/robot_four/src/mobile_dd_robot/build/mobile_dd_robot/share/mobile_dd_robot/hook/pythonpath_develop.dsv'
[2.506s] INFO:colcon.colcon_core.shell:Creating environment hook '/home/achieng/robotics/robot_four/src/mobile_dd_robot/build/mobile_dd_robot/share/mobile_dd_robot/hook/pythonpath_develop.sh'
[2.509s] Level 1:colcon.colcon_core.environment:checking '/home/achieng/robotics/robot_four/src/mobile_dd_robot/install/mobile_dd_robot' for CMake module files
[2.510s] Level 1:colcon.colcon_core.environment:checking '/home/achieng/robotics/robot_four/src/mobile_dd_robot/install/mobile_dd_robot' for CMake config files
[2.510s] Level 1:colcon.colcon_core.environment:checking '/home/achieng/robotics/robot_four/src/mobile_dd_robot/install/mobile_dd_robot/lib'
[2.511s] Level 1:colcon.colcon_core.environment:checking '/home/achieng/robotics/robot_four/src/mobile_dd_robot/install/mobile_dd_robot/bin'
[2.511s] Level 1:colcon.colcon_core.environment:checking '/home/achieng/robotics/robot_four/src/mobile_dd_robot/install/mobile_dd_robot/lib/pkgconfig/mobile_dd_robot.pc'
[2.511s] Level 1:colcon.colcon_core.environment:checking '/home/achieng/robotics/robot_four/src/mobile_dd_robot/install/mobile_dd_robot/lib/python3.12/site-packages'
[2.511s] Level 1:colcon.colcon_core.shell:create_environment_hook('mobile_dd_robot', 'pythonpath')
[2.511s] INFO:colcon.colcon_core.shell:Creating environment hook '/home/achieng/robotics/robot_four/src/mobile_dd_robot/install/mobile_dd_robot/share/mobile_dd_robot/hook/pythonpath.ps1'
[2.512s] INFO:colcon.colcon_core.shell:Creating environment descriptor '/home/achieng/robotics/robot_four/src/mobile_dd_robot/install/mobile_dd_robot/share/mobile_dd_robot/hook/pythonpath.dsv'
[2.512s] INFO:colcon.colcon_core.shell:Creating environment hook '/home/achieng/robotics/robot_four/src/mobile_dd_robot/install/mobile_dd_robot/share/mobile_dd_robot/hook/pythonpath.sh'
[2.513s] Level 1:colcon.colcon_core.environment:checking '/home/achieng/robotics/robot_four/src/mobile_dd_robot/install/mobile_dd_robot/bin'
[2.513s] Level 1:colcon.colcon_core.environment:create_environment_scripts_only(mobile_dd_robot)
[2.513s] INFO:colcon.colcon_core.shell:Creating package script '/home/achieng/robotics/robot_four/src/mobile_dd_robot/install/mobile_dd_robot/share/mobile_dd_robot/package.ps1'
[2.514s] INFO:colcon.colcon_core.shell:Creating package descriptor '/home/achieng/robotics/robot_four/src/mobile_dd_robot/install/mobile_dd_robot/share/mobile_dd_robot/package.dsv'
[2.515s] INFO:colcon.colcon_core.shell:Creating package script '/home/achieng/robotics/robot_four/src/mobile_dd_robot/install/mobile_dd_robot/share/mobile_dd_robot/package.sh'
[2.516s] INFO:colcon.colcon_core.shell:Creating package script '/home/achieng/robotics/robot_four/src/mobile_dd_robot/install/mobile_dd_robot/share/mobile_dd_robot/package.bash'
[2.517s] INFO:colcon.colcon_core.shell:Creating package script '/home/achieng/robotics/robot_four/src/mobile_dd_robot/install/mobile_dd_robot/share/mobile_dd_robot/package.zsh'
[2.517s] Level 1:colcon.colcon_core.environment:create_file_with_runtime_dependencies(/home/achieng/robotics/robot_four/src/mobile_dd_robot/install/mobile_dd_robot/share/colcon-core/packages/mobile_dd_robot)
[2.518s] DEBUG:colcon.colcon_parallel_executor.executor.parallel:closing loop
[2.518s] DEBUG:colcon.colcon_parallel_executor.executor.parallel:loop closed
[2.518s] DEBUG:colcon.colcon_parallel_executor.executor.parallel:run_until_complete finished with '0'
[2.519s] DEBUG:colcon.colcon_core.event_reactor:joining thread
[2.543s] INFO:colcon.colcon_core.plugin_system:Skipping extension 'colcon_notification.desktop_notification.terminal_notifier': Not used on non-Darwin systems
[2.543s] INFO:colcon.colcon_core.plugin_system:Skipping extension 'colcon_notification.desktop_notification.win32': Not used on non-Windows systems
[2.544s] INFO:colcon.colcon_notification.desktop_notification:Sending desktop notification using 'notify2'
[2.571s] DEBUG:colcon.colcon_core.event_reactor:joined thread
[2.571s] INFO:colcon.colcon_core.shell:Creating prefix script '/home/achieng/robotics/robot_four/src/mobile_dd_robot/install/local_setup.ps1'
[2.573s] INFO:colcon.colcon_core.shell:Creating prefix util module '/home/achieng/robotics/robot_four/src/mobile_dd_robot/install/_local_setup_util_ps1.py'
[2.576s] INFO:colcon.colcon_core.shell:Creating prefix chain script '/home/achieng/robotics/robot_four/src/mobile_dd_robot/install/setup.ps1'
[2.578s] INFO:colcon.colcon_core.shell:Creating prefix script '/home/achieng/robotics/robot_four/src/mobile_dd_robot/install/local_setup.sh'
[2.579s] INFO:colcon.colcon_core.shell:Creating prefix util module '/home/achieng/robotics/robot_four/src/mobile_dd_robot/install/_local_setup_util_sh.py'
[2.580s] INFO:colcon.colcon_core.shell:Creating prefix chain script '/home/achieng/robotics/robot_four/src/mobile_dd_robot/install/setup.sh'
[2.581s] INFO:colcon.colcon_core.shell:Creating prefix script '/home/achieng/robotics/robot_four/src/mobile_dd_robot/install/local_setup.bash'
[2.582s] INFO:colcon.colcon_core.shell:Creating prefix chain script '/home/achieng/robotics/robot_four/src/mobile_dd_robot/install/setup.bash'
[2.583s] INFO:colcon.colcon_core.shell:Creating prefix script '/home/achieng/robotics/robot_four/src/mobile_dd_robot/install/local_setup.zsh'
[2.583s] INFO:colcon.colcon_core.shell:Creating prefix chain script '/home/achieng/robotics/robot_four/src/mobile_dd_robot/install/setup.zsh'
