running egg_info
creating ../../build/mobile_dd_robot/mobile_dd_robot.egg-info
writing ../../build/mobile_dd_robot/mobile_dd_robot.egg-info/PKG-INFO
writing dependency_links to ../../build/mobile_dd_robot/mobile_dd_robot.egg-info/dependency_links.txt
writing requirements to ../../build/mobile_dd_robot/mobile_dd_robot.egg-info/requires.txt
writing top-level names to ../../build/mobile_dd_robot/mobile_dd_robot.egg-info/top_level.txt
writing manifest file '../../build/mobile_dd_robot/mobile_dd_robot.egg-info/SOURCES.txt'
reading manifest file '../../build/mobile_dd_robot/mobile_dd_robot.egg-info/SOURCES.txt'
adding license file 'LICENSE'
writing manifest file '../../build/mobile_dd_robot/mobile_dd_robot.egg-info/SOURCES.txt'
running build
running build_py
creating /home/achieng/robotics/robot_four/build/mobile_dd_robot/build
creating /home/achieng/robotics/robot_four/build/mobile_dd_robot/build/lib
creating /home/achieng/robotics/robot_four/build/mobile_dd_robot/build/lib/mobile_dd_robot
copying mobile_dd_robot/__init__.py -> /home/achieng/robotics/robot_four/build/mobile_dd_robot/build/lib/mobile_dd_robot
running install
running install_lib
creating /home/achieng/robotics/robot_four/install/mobile_dd_robot/lib/python3.12/site-packages/mobile_dd_robot
copying /home/achieng/robotics/robot_four/build/mobile_dd_robot/build/lib/mobile_dd_robot/__init__.py -> /home/achieng/robotics/robot_four/install/mobile_dd_robot/lib/python3.12/site-packages/mobile_dd_robot
byte-compiling /home/achieng/robotics/robot_four/install/mobile_dd_robot/lib/python3.12/site-packages/mobile_dd_robot/__init__.py to __init__.cpython-312.pyc
running install_data
creating /home/achieng/robotics/robot_four/install/mobile_dd_robot/share/ament_index
creating /home/achieng/robotics/robot_four/install/mobile_dd_robot/share/ament_index/resource_index
creating /home/achieng/robotics/robot_four/install/mobile_dd_robot/share/ament_index/resource_index/packages
copying resource/mobile_dd_robot -> /home/achieng/robotics/robot_four/install/mobile_dd_robot/share/ament_index/resource_index/packages
copying package.xml -> /home/achieng/robotics/robot_four/install/mobile_dd_robot/share/mobile_dd_robot
running install_egg_info
Copying ../../build/mobile_dd_robot/mobile_dd_robot.egg-info to /home/achieng/robotics/robot_four/install/mobile_dd_robot/lib/python3.12/site-packages/mobile_dd_robot-0.0.0-py3.12.egg-info
running install_scripts
writing list of installed files to '/home/achieng/robotics/robot_four/build/mobile_dd_robot/install.log'
