[5.224s] Invoking command in '/home/achieng/robotics/robot_four/src/mobile_dd_robot': DEBUGINFOD_URLS=https://debuginfod.ubuntu.com PYTHONPATH=/home/achieng/robotics/robot_four/build/mobile_dd_robot/prefix_override:/usr/lib/python3/dist-packages/colcon_core/task/python/colcon_distutils_commands:/home/achieng/robotics/robot_four/install/mobile_dd_robot/lib/python3.12/site-packages:${PYTHONPATH} /usr/bin/python3 -W ignore:setup.py install is deprecated -W ignore:easy_install command is deprecated setup.py egg_info --egg-base ../../build/mobile_dd_robot build --build-base /home/achieng/robotics/robot_four/build/mobile_dd_robot/build install --record /home/achieng/robotics/robot_four/build/mobile_dd_robot/install.log --single-version-externally-managed install_data
[5.645s] running egg_info
[5.646s] creating ../../build/mobile_dd_robot/mobile_dd_robot.egg-info
[5.676s] writing ../../build/mobile_dd_robot/mobile_dd_robot.egg-info/PKG-INFO
[5.676s] writing dependency_links to ../../build/mobile_dd_robot/mobile_dd_robot.egg-info/dependency_links.txt
[5.677s] writing requirements to ../../build/mobile_dd_robot/mobile_dd_robot.egg-info/requires.txt
[5.677s] writing top-level names to ../../build/mobile_dd_robot/mobile_dd_robot.egg-info/top_level.txt
[5.677s] writing manifest file '../../build/mobile_dd_robot/mobile_dd_robot.egg-info/SOURCES.txt'
[5.740s] reading manifest file '../../build/mobile_dd_robot/mobile_dd_robot.egg-info/SOURCES.txt'
[5.740s] adding license file 'LICENSE'
[5.741s] writing manifest file '../../build/mobile_dd_robot/mobile_dd_robot.egg-info/SOURCES.txt'
[5.741s] running build
[5.741s] running build_py
[5.742s] creating /home/achieng/robotics/robot_four/build/mobile_dd_robot/build
[5.742s] creating /home/achieng/robotics/robot_four/build/mobile_dd_robot/build/lib
[5.742s] creating /home/achieng/robotics/robot_four/build/mobile_dd_robot/build/lib/mobile_dd_robot
[5.742s] copying mobile_dd_robot/__init__.py -> /home/achieng/robotics/robot_four/build/mobile_dd_robot/build/lib/mobile_dd_robot
[5.742s] running install
[5.751s] running install_lib
[5.782s] creating /home/achieng/robotics/robot_four/install/mobile_dd_robot/lib/python3.12/site-packages/mobile_dd_robot
[5.782s] copying /home/achieng/robotics/robot_four/build/mobile_dd_robot/build/lib/mobile_dd_robot/__init__.py -> /home/achieng/robotics/robot_four/install/mobile_dd_robot/lib/python3.12/site-packages/mobile_dd_robot
[5.783s] byte-compiling /home/achieng/robotics/robot_four/install/mobile_dd_robot/lib/python3.12/site-packages/mobile_dd_robot/__init__.py to __init__.cpython-312.pyc
[5.783s] running install_data
[5.783s] creating /home/achieng/robotics/robot_four/install/mobile_dd_robot/share/ament_index
[5.784s] creating /home/achieng/robotics/robot_four/install/mobile_dd_robot/share/ament_index/resource_index
[5.784s] creating /home/achieng/robotics/robot_four/install/mobile_dd_robot/share/ament_index/resource_index/packages
[5.784s] copying resource/mobile_dd_robot -> /home/achieng/robotics/robot_four/install/mobile_dd_robot/share/ament_index/resource_index/packages
[5.784s] copying package.xml -> /home/achieng/robotics/robot_four/install/mobile_dd_robot/share/mobile_dd_robot
[5.784s] running install_egg_info
[5.817s] Copying ../../build/mobile_dd_robot/mobile_dd_robot.egg-info to /home/achieng/robotics/robot_four/install/mobile_dd_robot/lib/python3.12/site-packages/mobile_dd_robot-0.0.0-py3.12.egg-info
[5.818s] running install_scripts
[6.017s] writing list of installed files to '/home/achieng/robotics/robot_four/build/mobile_dd_robot/install.log'
[6.069s] Invoked command in '/home/achieng/robotics/robot_four/src/mobile_dd_robot' returned '0': DEBUGINFOD_URLS=https://debuginfod.ubuntu.com PYTHONPATH=/home/achieng/robotics/robot_four/build/mobile_dd_robot/prefix_override:/usr/lib/python3/dist-packages/colcon_core/task/python/colcon_distutils_commands:/home/achieng/robotics/robot_four/install/mobile_dd_robot/lib/python3.12/site-packages:${PYTHONPATH} /usr/bin/python3 -W ignore:setup.py install is deprecated -W ignore:easy_install command is deprecated setup.py egg_info --egg-base ../../build/mobile_dd_robot build --build-base /home/achieng/robotics/robot_four/build/mobile_dd_robot/build install --record /home/achieng/robotics/robot_four/build/mobile_dd_robot/install.log --single-version-externally-managed install_data
