[1.177s] Invoking command in '/home/achieng/robotics/robot_four/build/mobile_dd_robot': DEBUGINFOD_URLS=https://debuginfod.ubuntu.com PYTHONPATH=/home/achieng/robotics/robot_four/build/mobile_dd_robot/prefix_override:/usr/lib/python3/dist-packages/colcon_core/task/python/colcon_distutils_commands:/home/achieng/robotics/robot_four/install/mobile_dd_robot/lib/python3.12/site-packages:${PYTHONPATH} /usr/bin/python3 -W ignore:setup.py install is deprecated -W ignore:easy_install command is deprecated setup.py develop --editable --build-directory /home/achieng/robotics/robot_four/build/mobile_dd_robot/build --no-deps symlink_data
[1.657s] running develop
[1.972s] running egg_info
[1.972s] creating mobile_dd_robot.egg-info
[2.004s] writing mobile_dd_robot.egg-info/PKG-INFO
[2.004s] writing dependency_links to mobile_dd_robot.egg-info/dependency_links.txt
[2.004s] writing requirements to mobile_dd_robot.egg-info/requires.txt
[2.004s] writing top-level names to mobile_dd_robot.egg-info/top_level.txt
[2.005s] writing manifest file 'mobile_dd_robot.egg-info/SOURCES.txt'
[2.067s] reading manifest file 'mobile_dd_robot.egg-info/SOURCES.txt'
[2.068s] writing manifest file 'mobile_dd_robot.egg-info/SOURCES.txt'
[2.101s] running build_ext
[2.102s] Creating /home/achieng/robotics/robot_four/install/mobile_dd_robot/lib/python3.12/site-packages/mobile-dd-robot.egg-link (link to .)
[2.102s] 
[2.102s] Installed /home/achieng/robotics/robot_four/build/mobile_dd_robot
[2.103s] running symlink_data
[2.103s] creating /home/achieng/robotics/robot_four/install/mobile_dd_robot/share/ament_index
[2.103s] creating /home/achieng/robotics/robot_four/install/mobile_dd_robot/share/ament_index/resource_index
[2.103s] creating /home/achieng/robotics/robot_four/install/mobile_dd_robot/share/ament_index/resource_index/packages
[2.103s] symbolically linking /home/achieng/robotics/robot_four/build/mobile_dd_robot/resource/mobile_dd_robot -> /home/achieng/robotics/robot_four/install/mobile_dd_robot/share/ament_index/resource_index/packages
[2.103s] symbolically linking /home/achieng/robotics/robot_four/build/mobile_dd_robot/package.xml -> /home/achieng/robotics/robot_four/install/mobile_dd_robot/share/mobile_dd_robot
[2.104s] creating /home/achieng/robotics/robot_four/install/mobile_dd_robot/share/mobile_dd_robot/launch
[2.104s] creating /home/achieng/robotics/robot_four/install/mobile_dd_robot/share/mobile_dd_robot/model
[2.158s] Invoked command in '/home/achieng/robotics/robot_four/build/mobile_dd_robot' returned '0': DEBUGINFOD_URLS=https://debuginfod.ubuntu.com PYTHONPATH=/home/achieng/robotics/robot_four/build/mobile_dd_robot/prefix_override:/usr/lib/python3/dist-packages/colcon_core/task/python/colcon_distutils_commands:/home/achieng/robotics/robot_four/install/mobile_dd_robot/lib/python3.12/site-packages:${PYTHONPATH} /usr/bin/python3 -W ignore:setup.py install is deprecated -W ignore:easy_install command is deprecated setup.py develop --editable --build-directory /home/achieng/robotics/robot_four/build/mobile_dd_robot/build --no-deps symlink_data
