[2.567s] DEBUG:colcon:Command line arguments: ['/usr/bin/colcon', 'build']
[2.567s] DEBUG:colcon:Parsed command line arguments: Namespace(log_base=None, log_level=None, verb_name='build', build_base='build', install_base='install', merge_install=False, symlink_install=False, test_result_base=None, continue_on_error=False, executor='parallel', parallel_workers=4, event_handlers=None, ignore_user_meta=False, metas=['./colcon.meta'], base_paths=['.'], packages_ignore=None, packages_ignore_regex=None, paths=None, packages_up_to=None, packages_up_to_regex=None, packages_above=None, packages_above_and_dependencies=None, packages_above_depth=None, packages_select_by_dep=None, packages_skip_by_dep=None, packages_skip_up_to=None, packages_select_build_failed=False, packages_skip_build_finished=False, packages_select_test_failures=False, packages_skip_test_passed=False, packages_select=None, packages_skip=None, packages_select_regex=None, packages_skip_regex=None, packages_start=None, packages_end=None, allow_overriding=[], cmake_args=None, cmake_target=None, cmake_target_skip_unavailable=False, cmake_clean_cache=False, cmake_clean_first=False, cmake_force_configure=False, ament_cmake_args=None, catkin_cmake_args=None, catkin_skip_building_tests=False, mixin_files=None, mixin=None, verb_parser=<colcon_mixin.mixin.mixin_argument.MixinArgumentDecorator object at 0x714792ef9fd0>, verb_extension=<colcon_core.verb.build.BuildVerb object at 0x714792ef9c70>, main=<bound method BuildVerb.main of <colcon_core.verb.build.BuildVerb object at 0x714792ef9c70>>, mixin_verb=('build',))
[2.885s] Level 1:colcon.colcon_core.package_discovery:discover_packages(colcon_meta) check parameters
[2.885s] Level 1:colcon.colcon_core.package_discovery:discover_packages(recursive) check parameters
[2.886s] Level 1:colcon.colcon_core.package_discovery:discover_packages(ignore) check parameters
[2.886s] Level 1:colcon.colcon_core.package_discovery:discover_packages(path) check parameters
[2.886s] Level 1:colcon.colcon_core.package_discovery:discover_packages(colcon_meta) discover
[2.886s] Level 1:colcon.colcon_core.package_discovery:discover_packages(recursive) discover
[2.886s] INFO:colcon.colcon_core.package_discovery:Crawling recursively for packages in '/home/achieng/robotics/robot_four'
[2.886s] Level 1:colcon.colcon_core.package_identification:_identify(.) by extensions ['ignore', 'ignore_ament_install']
[2.886s] Level 1:colcon.colcon_core.package_identification:_identify(.) by extension 'ignore'
[2.886s] Level 1:colcon.colcon_core.package_identification:_identify(.) by extension 'ignore_ament_install'
[2.886s] Level 1:colcon.colcon_core.package_identification:_identify(.) by extensions ['colcon_pkg']
[2.887s] Level 1:colcon.colcon_core.package_identification:_identify(.) by extension 'colcon_pkg'
[2.887s] Level 1:colcon.colcon_core.package_identification:_identify(.) by extensions ['colcon_meta']
[2.887s] Level 1:colcon.colcon_core.package_identification:_identify(.) by extension 'colcon_meta'
[2.887s] Level 1:colcon.colcon_core.package_identification:_identify(.) by extensions ['ros']
[2.887s] Level 1:colcon.colcon_core.package_identification:_identify(.) by extension 'ros'
[3.038s] Level 1:colcon.colcon_core.package_identification:_identify(.) by extensions ['cmake', 'python']
[3.038s] Level 1:colcon.colcon_core.package_identification:_identify(.) by extension 'cmake'
[3.038s] Level 1:colcon.colcon_core.package_identification:_identify(.) by extension 'python'
[3.038s] Level 1:colcon.colcon_core.package_identification:_identify(.) by extensions ['python_setup_py']
[3.038s] Level 1:colcon.colcon_core.package_identification:_identify(.) by extension 'python_setup_py'
[3.039s] Level 1:colcon.colcon_core.package_identification:_identify(build) by extensions ['ignore', 'ignore_ament_install']
[3.039s] Level 1:colcon.colcon_core.package_identification:_identify(build) by extension 'ignore'
[3.039s] Level 1:colcon.colcon_core.package_identification:_identify(build) ignored
[3.039s] Level 1:colcon.colcon_core.package_identification:_identify(install) by extensions ['ignore', 'ignore_ament_install']
[3.040s] Level 1:colcon.colcon_core.package_identification:_identify(install) by extension 'ignore'
[3.040s] Level 1:colcon.colcon_core.package_identification:_identify(install) ignored
[3.040s] Level 1:colcon.colcon_core.package_identification:_identify(log) by extensions ['ignore', 'ignore_ament_install']
[3.040s] Level 1:colcon.colcon_core.package_identification:_identify(log) by extension 'ignore'
[3.040s] Level 1:colcon.colcon_core.package_identification:_identify(log) ignored
[3.040s] Level 1:colcon.colcon_core.package_identification:_identify(src) by extensions ['ignore', 'ignore_ament_install']
[3.041s] Level 1:colcon.colcon_core.package_identification:_identify(src) by extension 'ignore'
[3.041s] Level 1:colcon.colcon_core.package_identification:_identify(src) by extension 'ignore_ament_install'
[3.041s] Level 1:colcon.colcon_core.package_identification:_identify(src) by extensions ['colcon_pkg']
[3.041s] Level 1:colcon.colcon_core.package_identification:_identify(src) by extension 'colcon_pkg'
[3.041s] Level 1:colcon.colcon_core.package_identification:_identify(src) by extensions ['colcon_meta']
[3.041s] Level 1:colcon.colcon_core.package_identification:_identify(src) by extension 'colcon_meta'
[3.041s] Level 1:colcon.colcon_core.package_identification:_identify(src) by extensions ['ros']
[3.041s] Level 1:colcon.colcon_core.package_identification:_identify(src) by extension 'ros'
[3.042s] Level 1:colcon.colcon_core.package_identification:_identify(src) by extensions ['cmake', 'python']
[3.042s] Level 1:colcon.colcon_core.package_identification:_identify(src) by extension 'cmake'
[3.042s] Level 1:colcon.colcon_core.package_identification:_identify(src) by extension 'python'
[3.042s] Level 1:colcon.colcon_core.package_identification:_identify(src) by extensions ['python_setup_py']
[3.042s] Level 1:colcon.colcon_core.package_identification:_identify(src) by extension 'python_setup_py'
[3.042s] Level 1:colcon.colcon_core.package_discovery:discover_packages(recursive) using defaults
[3.042s] Level 1:colcon.colcon_core.package_discovery:discover_packages(ignore) discover
[3.042s] Level 1:colcon.colcon_core.package_discovery:discover_packages(ignore) using defaults
[3.042s] Level 1:colcon.colcon_core.package_discovery:discover_packages(path) discover
[3.042s] Level 1:colcon.colcon_core.package_discovery:discover_packages(path) using defaults
[3.343s] Level 1:colcon.colcon_core.package_discovery:discover_packages(prefix_path) check parameters
[3.344s] Level 1:colcon.colcon_core.package_discovery:discover_packages(prefix_path) discover
[3.359s] Level 1:colcon.colcon_core.package_discovery:discover_packages(prefix_path) using defaults
[3.367s] INFO:colcon.colcon_core.executor:Executing jobs using 'parallel' executor
[3.370s] DEBUG:colcon.colcon_parallel_executor.executor.parallel:run_until_complete
[3.370s] DEBUG:colcon.colcon_parallel_executor.executor.parallel:closing loop
[3.370s] DEBUG:colcon.colcon_parallel_executor.executor.parallel:loop closed
[3.370s] DEBUG:colcon.colcon_parallel_executor.executor.parallel:run_until_complete finished with '0'
[3.370s] DEBUG:colcon.colcon_core.event_reactor:joining thread
[3.390s] INFO:colcon.colcon_core.plugin_system:Skipping extension 'colcon_notification.desktop_notification.terminal_notifier': Not used on non-Darwin systems
[3.390s] INFO:colcon.colcon_core.plugin_system:Skipping extension 'colcon_notification.desktop_notification.win32': Not used on non-Windows systems
[3.390s] INFO:colcon.colcon_notification.desktop_notification:Sending desktop notification using 'notify2'
[3.411s] DEBUG:colcon.colcon_core.event_reactor:joined thread
[3.454s] INFO:colcon.colcon_core.plugin_system:Skipping extension 'colcon_core.shell.bat': Not used on non-Windows systems
[3.454s] INFO:colcon.colcon_core.shell:Creating prefix script '/home/achieng/robotics/robot_four/install/local_setup.ps1'
[3.456s] INFO:colcon.colcon_core.shell:Creating prefix util module '/home/achieng/robotics/robot_four/install/_local_setup_util_ps1.py'
[3.473s] INFO:colcon.colcon_core.shell:Creating prefix chain script '/home/achieng/robotics/robot_four/install/setup.ps1'
[3.475s] INFO:colcon.colcon_core.shell:Creating prefix script '/home/achieng/robotics/robot_four/install/local_setup.sh'
[3.476s] INFO:colcon.colcon_core.shell:Creating prefix util module '/home/achieng/robotics/robot_four/install/_local_setup_util_sh.py'
[3.477s] INFO:colcon.colcon_core.shell:Creating prefix chain script '/home/achieng/robotics/robot_four/install/setup.sh'
[3.479s] INFO:colcon.colcon_core.shell:Creating prefix script '/home/achieng/robotics/robot_four/install/local_setup.bash'
[3.480s] INFO:colcon.colcon_core.shell:Creating prefix chain script '/home/achieng/robotics/robot_four/install/setup.bash'
[3.481s] INFO:colcon.colcon_core.shell:Creating prefix script '/home/achieng/robotics/robot_four/install/local_setup.zsh'
[3.489s] INFO:colcon.colcon_core.shell:Creating prefix chain script '/home/achieng/robotics/robot_four/install/setup.zsh'
